<?xml version="1.0" encoding="UTF-8"?><testsuite errors="1" failures="0" name="Registro de usuario en el portal de Koaj" skipped="0" tests="1" time="59.0" timestamp="2025-05-25 12:30:47"><testcase name="Registro exitoso de un nuevo usuario"><error message="The following error occurred: java.net.ConnectException: Failed to connect to localhost/0:0:0:0:0:0:0:1:42617&#10;Build info: version: '3.141.59', revision: 'e82be7d358', time: '2018-11-14T08:17:03'&#10;System info: host: 'NANOYOKI-06', ip: '192.168.101.7', os.name: 'Windows 11', os.arch: 'amd64', os.version: '10.0', java.version: '11.0.23'&#10;Driver info: driver.version: RemoteWebDriver" type="org.openqa.selenium.WebDriverException">The following error occurred: java.net.ConnectException: Failed to connect to localhost/0:0:0:0:0:0:0:1:42617
Build info: version: '3.141.59', revision: 'e82be7d358', time: '2018-11-14T08:17:03'
System info: host: 'NANOYOKI-06', ip: '192.168.101.7', os.name: 'Windows 11', os.arch: 'amd64', os.version: '10.0', java.version: '11.0.23'
Driver info: driver.version: RemoteWebDriver</error><system-err>The following error occurred: java.net.ConnectException: Failed to connect to localhost/0:0:0:0:0:0:0:1:42617
Build info: version: '3.141.59', revision: 'e82be7d358', time: '2018-11-14T08:17:03'
System info: host: 'NANOYOKI-06', ip: '192.168.101.7', os.name: 'Windows 11', os.arch: 'amd64', os.version: '10.0', java.version: '11.0.23'
Driver info: driver.version: RemoteWebDriver&#13;
co.com.Autokoaj.tasks.CompletarRegistroComplementario.performAs(CompletarRegistroComplementario.java:24)&#13;
co.com.Autokoaj.stepsdefinitions.RegistroStepDefinitions.completaElSegundoFormularioConLosDatos(RegistroStepDefinitions.java:74)&#13;
cucumber.runner.Runner.runPickle(Runner.java:80)&#13;
worker.org.gradle.process.internal.worker.GradleWorkerMain.run(GradleWorkerMain.java:69)&#13;
worker.org.gradle.process.internal.worker.GradleWorkerMain.main(GradleWorkerMain.java:74)&#13;
</system-err></testcase></testsuite>